<?xml version="1.0" encoding="UTF-8"?>
<!-- Generated by org.testng.reporters.JUnitReportReporter -->
<testsuite hostname="DESKTOP-2K1438F" failures="0" tests="12" name="com.calculator.maven.first_project_pass_G_ex.BasicCalculatorTest" time="0.007" errors="0" timestamp="30 Mar 2021 12:23:35 GMT">
  <testcase classname="com.calculator.maven.first_project_pass_G_ex.BasicCalculatorTest" name="testSubPn" time="0.000"/>
  <testcase classname="com.calculator.maven.first_project_pass_G_ex.BasicCalculatorTest" name="testDivZero" time="0.000"/>
  <testcase classname="com.calculator.maven.first_project_pass_G_ex.BasicCalculatorTest" name="testMoltZero" time="0.000"/>
  <testcase classname="com.calculator.maven.first_project_pass_G_ex.BasicCalculatorTest" name="testAddNn" time="0.001"/>
  <testcase classname="com.calculator.maven.first_project_pass_G_ex.BasicCalculatorTest" name="testSubZero" time="0.001"/>
  <testcase classname="com.calculator.maven.first_project_pass_G_ex.BasicCalculatorTest" name="testAddZero" time="0.001"/>
  <testcase classname="com.calculator.maven.first_project_pass_G_ex.BasicCalculatorTest" name="testMoltNn" time="0.002"/>
  <testcase classname="com.calculator.maven.first_project_pass_G_ex.BasicCalculatorTest" name="testDivNn" time="0.000"/>
  <testcase classname="com.calculator.maven.first_project_pass_G_ex.BasicCalculatorTest" name="testAddPn" time="0.001"/>
  <testcase classname="com.calculator.maven.first_project_pass_G_ex.BasicCalculatorTest" name="testDivPn" time="0.000"/>
  <testcase classname="com.calculator.maven.first_project_pass_G_ex.BasicCalculatorTest" name="testSubNn" time="0.000"/>
  <testcase classname="com.calculator.maven.first_project_pass_G_ex.BasicCalculatorTest" name="testMoltPn" time="0.001"/>
</testsuite> <!-- com.calculator.maven.first_project_pass_G_ex.BasicCalculatorTest -->
