<?xml version="1.0" encoding="UTF-8"?>
<!-- Generated by org.testng.reporters.JUnitReportReporter -->
<testsuite hostname="DESKTOP-2K1438F" failures="0" tests="15" name="com.calculator.maven.first_project_pass_G_ex.AdvancedCalculatorTest" time="0.040" errors="0" timestamp="30 Mar 2021 12:23:35 GMT">
  <testcase classname="com.calculator.maven.first_project_pass_G_ex.AdvancedCalculatorTest" name="testSquarePn" time="0.001"/>
  <testcase classname="com.calculator.maven.first_project_pass_G_ex.AdvancedCalculatorTest" name="testRootZero" time="0.000"/>
  <testcase classname="com.calculator.maven.first_project_pass_G_ex.AdvancedCalculatorTest" name="testRaisedToThePowerPn" time="0.000"/>
  <testcase classname="com.calculator.maven.first_project_pass_G_ex.AdvancedCalculatorTest" name="testAbsoluteValuePn" time="0.001"/>
  <testcase classname="com.calculator.maven.first_project_pass_G_ex.AdvancedCalculatorTest" name="testRemainderPn" time="0.001"/>
  <testcase classname="com.calculator.maven.first_project_pass_G_ex.AdvancedCalculatorTest" name="testRootPn" time="0.001"/>
  <testcase classname="com.calculator.maven.first_project_pass_G_ex.AdvancedCalculatorTest" name="testRemainderNn" time="0.001"/>
  <testcase classname="com.calculator.maven.first_project_pass_G_ex.AdvancedCalculatorTest" name="testAbsoluteValueZero" time="0.001"/>
  <testcase classname="com.calculator.maven.first_project_pass_G_ex.AdvancedCalculatorTest" name="testAbsoluteValueNn" time="0.001"/>
  <testcase classname="com.calculator.maven.first_project_pass_G_ex.AdvancedCalculatorTest" name="testSquareZero" time="0.001"/>
  <testcase classname="com.calculator.maven.first_project_pass_G_ex.AdvancedCalculatorTest" name="testRaisedToThePowerNn" time="0.030"/>
  <testcase classname="com.calculator.maven.first_project_pass_G_ex.AdvancedCalculatorTest" name="testRootNn" time="0.000"/>
  <testcase classname="com.calculator.maven.first_project_pass_G_ex.AdvancedCalculatorTest" name="testRaisedToThePowerZero" time="0.000"/>
  <testcase classname="com.calculator.maven.first_project_pass_G_ex.AdvancedCalculatorTest" name="testSquareNn" time="0.001"/>
  <testcase classname="com.calculator.maven.first_project_pass_G_ex.AdvancedCalculatorTest" name="testRemainderZero" time="0.001"/>
</testsuite> <!-- com.calculator.maven.first_project_pass_G_ex.AdvancedCalculatorTest -->
